2021-08-15T12:43:09Z:INFO|CITROEN (223) > News: 10; NoFeatures: 0; NoPrice: 10
2021-08-15T12:47:30Z:INFO|FIAT (3444) > News: 4; NoFeatures: 0; NoPrice: 138
2021-08-15T12:49:20Z:INFO|FORD (1525) > News: 6; NoFeatures: 0; NoPrice: 58
2021-08-15T12:52:35Z:INFO|GM-CHEVROLET (3589) > News: 0; NoFeatures: 0; NoPrice: 74
2021-08-15T12:53:20Z:INFO|HONDA (744) > News: 2; NoFeatures: 0; NoPrice: 15
2021-08-15T12:54:27Z:INFO|HYUNDAI (1233) > News: 1; NoFeatures: 0; NoPrice: 25
2021-08-15T12:54:32Z:INFO|JAC (6) > News: 0; NoFeatures: 0; NoPrice: 1
2021-08-15T12:54:41Z:INFO|KIA-MOTORS (125) > News: 0; NoFeatures: 0; NoPrice: 3
2021-08-15T12:55:05Z:INFO|NISSAN (389) > News: 0; NoFeatures: 0; NoPrice: 8
2021-08-15T12:55:26Z:INFO|PEUGEOT (392) > News: 1; NoFeatures: 0; NoPrice: 8
2021-08-15T12:56:20Z:INFO|RENAULT (969) > News: 2; NoFeatures: 0; NoPrice: 16
2021-08-15T12:57:58Z:INFO|TOYOTA (2415) > News: 0; NoFeatures: 0; NoPrice: 2
2021-08-15T13:00:06Z:INFO|VW-VOLKSWAGEN (3223) > News: 1; NoFeatures: 0; NoPrice: 0
2021-08-15T13:00:07Z:INFO|ACURA (0) > News: 0; NoFeatures: 0; NoPrice: 0
2021-08-15T13:00:10Z:INFO|ALFA-ROMEO (2) > News: 0; NoFeatures: 0; NoPrice: 0
2021-08-15T13:00:11Z:DEBUG|AMGEN (20757) - Pages: 416
2021-08-15T13:14:13Z:INFO|AMGEN (20757) > News: 20; NoFeatures: 0; NoPrice: 0
2021-08-15T13:14:15Z:INFO|AMERICAR (0) > News: 0; NoFeatures: 0; NoPrice: 0
2021-08-15T13:14:17Z:INFO|ASIA-MOTORS (1) > News: 0; NoFeatures: 0; NoPrice: 0
2021-08-15T13:14:18Z:INFO|ASTON-MARTIN (0) > News: 0; NoFeatures: 0; NoPrice: 0
2021-08-15T13:14:26Z:INFO|AUDI (114) > News: 0; NoFeatures: 0; NoPrice: 0
2021-08-15T13:14:28Z:INFO|BENTLEY (2) > News: 0; NoFeatures: 0; NoPrice: 0
2021-08-15T13:14:35Z:INFO|BMW (147) > News: 0; NoFeatures: 0; NoPrice: 0
2021-08-15T13:14:38Z:INFO|BRM (3) > News: 0; NoFeatures: 0; NoPrice: 0
2021-08-15T13:14:42Z:INFO|BUGGY (28) > News: 0; NoFeatures: 0; NoPrice: 0
2021-08-15T13:14:46Z:INFO|BUGRE (1) > News: 0; NoFeatures: 0; NoPrice: 0
2021-08-15T13:14:49Z:INFO|CADILLAC (1) > News: 0; NoFeatures: 0; NoPrice: 0
2021-08-15T13:14:53Z:INFO|CHERY (37) > News: 0; NoFeatures: 0; NoPrice: 0
2021-08-15T13:14:56Z:INFO|CHRYSLER (12) > News: 0; NoFeatures: 0; NoPrice: 0
2021-08-15T13:14:57Z:INFO|CROSS-LANDER (0) > News: 0; NoFeatures: 0; NoPrice: 0
2021-08-15T13:15:01Z:INFO|DAEWOO (1) > News: 0; NoFeatures: 0; NoPrice: 0
2021-08-15T13:15:02Z:INFO|DAIHATSU (0) > News: 0; NoFeatures: 0; NoPrice: 0
2021-08-15T13:15:03Z:INFO|DKW-VEMAG (0) > News: 0; NoFeatures: 0; NoPrice: 0
2021-08-15T13:15:06Z:INFO|DODGE (17) > News: 0; NoFeatures: 0; NoPrice: 0
2021-08-15T13:15:09Z:INFO|EFFA (2) > News: 0; NoFeatures: 0; NoPrice: 0
2021-08-15T13:15:10Z:INFO|ENVEMO (0) > News: 0; NoFeatures: 0; NoPrice: 0
2021-08-15T13:15:11Z:INFO|FERRARI (0) > News: 0; NoFeatures: 0; NoPrice: 0
2021-08-15T13:15:13Z:INFO|FIBRAVAN (0) > News: 0; NoFeatures: 0; NoPrice: 0
2021-08-15T13:15:15Z:INFO|FOTON (2) > News: 0; NoFeatures: 0; NoPrice: 0
2021-08-15T13:15:18Z:INFO|FYBER (12) > News: 0; NoFeatures: 0; NoPrice: 0
2021-08-15T13:15:19Z:INFO|GEELY (0) > News: 0; NoFeatures: 0; NoPrice: 0
2021-08-15T13:15:23Z:INFO|GURGEL (12) > News: 0; NoFeatures: 0; NoPrice: 0
2021-08-15T13:15:25Z:INFO|HAFEI (3) > News: 0; NoFeatures: 0; NoPrice: 0
2021-08-15T13:15:26Z:INFO|INFINITI (0) > News: 0; NoFeatures: 0; NoPrice: 0
2021-08-15T13:15:29Z:INFO|ISUZU (1) > News: 0; NoFeatures: 0; NoPrice: 0
2021-08-15T13:15:34Z:INFO|JAGUAR (6) > News: 0; NoFeatures: 0; NoPrice: 0
2021-08-15T13:16:07Z:INFO|JEEP (684) > News: 1; NoFeatures: 0; NoPrice: 0
2021-08-15T13:16:10Z:INFO|LADA (1) > News: 0; NoFeatures: 0; NoPrice: 0
2021-08-15T13:16:13Z:INFO|LAMBORGHINI (1) > News: 0; NoFeatures: 0; NoPrice: 0
2021-08-15T13:16:15Z:DEBUG|LANDROVER (20761) - Pages: 416
2021-08-15T13:29:41Z:INFO|LANDROVER (20761) > News: 8; NoFeatures: 0; NoPrice: 0
2021-08-15T13:29:45Z:INFO|LEXUS (5) > News: 0; NoFeatures: 0; NoPrice: 0
2021-08-15T13:29:48Z:INFO|LIFAN (10) > News: 0; NoFeatures: 0; NoPrice: 0
2021-08-15T13:29:49Z:INFO|LOBINI (0) > News: 0; NoFeatures: 0; NoPrice: 0
2021-08-15T13:29:51Z:INFO|LOTUS (0) > News: 0; NoFeatures: 0; NoPrice: 0
2021-08-15T13:29:54Z:INFO|MAHINDRA (2) > News: 0; NoFeatures: 0; NoPrice: 0
2021-08-15T13:29:55Z:INFO|MASERATI (0) > News: 0; NoFeatures: 0; NoPrice: 0
2021-08-15T13:29:56Z:INFO|MATRA (0) > News: 0; NoFeatures: 0; NoPrice: 0
2021-08-15T13:30:00Z:INFO|MAZDA (2) > News: 0; NoFeatures: 0; NoPrice: 0
2021-08-15T13:30:01Z:INFO|MCLAREN (0) > News: 0; NoFeatures: 0; NoPrice: 0
2021-08-15T13:30:11Z:INFO|MERCEDES-BENZ (192) > News: 0; NoFeatures: 0; NoPrice: 0
2021-08-15T13:30:12Z:INFO|MERCURY (0) > News: 0; NoFeatures: 0; NoPrice: 0
2021-08-15T13:30:14Z:INFO|MG (0) > News: 0; NoFeatures: 0; NoPrice: 0
2021-08-15T13:30:17Z:INFO|MINI (23) > News: 0; NoFeatures: 0; NoPrice: 0
2021-08-15T13:30:39Z:INFO|MITSUBISHI (493) > News: 0; NoFeatures: 0; NoPrice: 0
2021-08-15T13:30:40Z:INFO|MIURA (0) > News: 0; NoFeatures: 0; NoPrice: 0
2021-08-15T13:30:44Z:INFO|PLYMOUTH (1) > News: 0; NoFeatures: 0; NoPrice: 0
2021-08-15T13:30:44Z:INFO|PONTIAC (0) > News: 0; NoFeatures: 0; NoPrice: 0
2021-08-15T13:30:48Z:INFO|PORSCHE (16) > News: 0; NoFeatures: 0; NoPrice: 0
2021-08-15T13:30:51Z:INFO|PUMA (5) > News: 0; NoFeatures: 0; NoPrice: 0
2021-08-15T13:30:54Z:INFO|RAM (2) > News: 0; NoFeatures: 0; NoPrice: 0
2021-08-15T13:30:56Z:INFO|RELY (0) > News: 0; NoFeatures: 0; NoPrice: 0
2021-08-15T13:30:57Z:INFO|ROLLS-ROYCE (0) > News: 0; NoFeatures: 0; NoPrice: 0
2021-08-15T13:30:58Z:INFO|ROVER (0) > News: 0; NoFeatures: 0; NoPrice: 0
2021-08-15T13:30:59Z:INFO|SAAB (0) > News: 0; NoFeatures: 0; NoPrice: 0
2021-08-15T13:31:00Z:INFO|SATURN (0) > News: 0; NoFeatures: 0; NoPrice: 0
2021-08-15T13:31:01Z:INFO|SEAT (0) > News: 0; NoFeatures: 0; NoPrice: 0
2021-08-15T13:31:08Z:INFO|SMART (3) > News: 2; NoFeatures: 0; NoPrice: 0
2021-08-15T13:31:12Z:INFO|SSANGYONG (25) > News: 0; NoFeatures: 0; NoPrice: 0
2021-08-15T13:31:15Z:INFO|SUBARU (4) > News: 0; NoFeatures: 0; NoPrice: 0
2021-08-15T13:31:21Z:INFO|SUZUKI (108) > News: 0; NoFeatures: 0; NoPrice: 0
2021-08-15T13:31:22Z:INFO|TAC (0) > News: 0; NoFeatures: 0; NoPrice: 0
2021-08-15T13:31:23Z:INFO|TESLA (0) > News: 0; NoFeatures: 0; NoPrice: 0
2021-08-15T13:31:33Z:INFO|TROLLER (110) > News: 0; NoFeatures: 0; NoPrice: 0
2021-08-15T13:31:35Z:INFO|VOLVO (24) > News: 0; NoFeatures: 0; NoPrice: 0
